[TIME:2019-07-25 18:45:45 SQL Record]:show databases
[TIME:2019-07-25 18:45:45 SQL Record]:show databases
[TIME:2019-07-25 18:45:45 SQL Record]:show databases
[TIME:2019-07-25 18:45:45 SQL Record]:show databases
[TIME:2019-07-25 18:45:45 SQL Record]:show databases
[TIME:2019-07-25 18:45:45 SQL Record]:show databases
[TIME:2019-07-25 18:45:45 SQL Record]:show databases
[TIME:2019-07-25 18:45:45 SQL Record]:INSERT INTO user_identification (`code`,`createtime`,`place_id`,`camera_id`,`date`) values ('00300024','2019-07-24 11:42:08',3,3,'2019-07-25'),('00400003','2019-07-24 11:42:08',3,3,'2019-07-25'),('00400018','2019-07-24 11:42:08',3,3,'2019-07-25'),('2202180530','2019-07-24 11:42:08',3,3,'2019-07-25'),('00300022','2019-07-24 11:42:08',3,3,'2019-07-25'),('00300002','2019-07-24 11:42:08',3,3,'2019-07-25')
[TIME:2019-07-25 18:45:45 SQL Record]:SELECT id,remark,code FROM place_info WHERE ( id = '3' ) LIMIT 1
[TIME:2019-07-25 18:45:45 SQL Record]:SELECT id,message_id FROM vip_define WHERE ( id = '1' ) LIMIT 1
[TIME:2019-07-25 18:45:45 SQL Record]:SELECT id,name,mould,push_object,push_id FROM message_type WHERE ( id = '1' ) LIMIT 1
[TIME:2019-07-25 18:45:45 SQL Record]:SELECT code,name,sex,role from valid_person where code in ('00300002')
[TIME:2019-07-25 18:45:45 SQL Record]:SELECT id,message_id FROM vip_define WHERE ( id = '2' ) LIMIT 1
[TIME:2019-07-25 18:45:46 SQL Record]:SELECT id,name,mould,push_object,push_id FROM message_type WHERE ( id = '2' ) LIMIT 1
[TIME:2019-07-25 18:45:46 SQL Record]:SELECT id,members FROM administration_group WHERE ( id = '1' ) LIMIT 1
[TIME:2019-07-25 18:45:46 SQL Record]:SELECT code,name,sex,role from valid_person where code in ('00400003')
[TIME:2019-07-25 18:45:46 SQL Record]:SELECT id,message_id FROM vip_define WHERE ( id = '4' ) LIMIT 1
[TIME:2019-07-25 18:45:46 SQL Record]:SELECT id,name,mould,push_object,push_id FROM message_type WHERE ( id = '5' ) LIMIT 1
[TIME:2019-07-25 18:45:46 SQL Record]:SELECT id,members FROM administration_group WHERE ( id = '2' ) LIMIT 1
[TIME:2019-07-25 18:45:46 SQL Record]:SELECT code,name,sex,role from valid_person where code in ('00300024','00300022')
[TIME:2019-07-25 18:45:46 SQL Record]:INSERT INTO message_push (createtime,type,content,push_id,place_id,camera_id) values('2019-07-24 11:42:08',5,'地面车场东,检测到重点病人有以下重点病人出现：陈龙,黎维.',930002,3,3)
